<?xml version="1.0" encoding="UTF-8"?>
<!-- Generated by org.testng.reporters.JUnitReportReporter -->
<testsuite skipped="1" hostname="CSLH1613" name="test_Cases.Gnrl" tests="2" failures="0" timestamp="2020-05-25T08:17:46 IST" time="11.156" errors="0">
  <testcase name="click_1_Stop" time="11.156" classname="test_Cases.Gnrl"/>
  <system-out/>
  <testcase name="click_Price" classname="test_Cases.Gnrl">
    <skipped/>
  </testcase> <!-- click_Price -->
  <system-out/>
</testsuite> <!-- test_Cases.Gnrl -->
